<?xml version="1.0" encoding="UTF-8"?>
<testsuite name="projectGradle.model.GameEndTesting" tests="8" skipped="0" failures="0" errors="0" timestamp="2022-12-06T00:48:17" hostname="anirudhs-MacBook-Air.local" time="0.001">
  <properties/>
  <testcase name="hardGameEndTestfalse" classname="projectGradle.model.GameEndTesting" time="0.0"/>
  <testcase name="mediumGameEndTestfalse" classname="projectGradle.model.GameEndTesting" time="0.0"/>
  <testcase name="endGameTestfalse" classname="projectGradle.model.GameEndTesting" time="0.0"/>
  <testcase name="hardGameEndTesttrue" classname="projectGradle.model.GameEndTesting" time="0.0"/>
  <testcase name="easyGameEndTestfalse" classname="projectGradle.model.GameEndTesting" time="0.0"/>
  <testcase name="easyGameEndTesttrue" classname="projectGradle.model.GameEndTesting" time="0.0"/>
  <testcase name="mediumGameEndTesttrue" classname="projectGradle.model.GameEndTesting" time="0.0"/>
  <testcase name="endGameTesttrue" classname="projectGradle.model.GameEndTesting" time="0.0"/>
  <system-out><![CDATA[]]></system-out>
  <system-err><![CDATA[]]></system-err>
</testsuite>
